<?xml version="1.0" encoding="UTF-8"?>
<testng-results ignored="0" total="1" passed="1" failed="0" skipped="0">
  <reporter-output>
  </reporter-output>
  <suite started-at="2023-07-25T17:39:08 IST" name="Default suite" finished-at="2023-07-25T17:39:17 IST" duration-ms="9554">
    <groups>
    </groups>
    <test started-at="2023-07-25T17:39:08 IST" name="Default test" finished-at="2023-07-25T17:39:17 IST" duration-ms="9554">
      <class name="testcases.DWS_SearchTC">
        <test-method signature="TC1()[pri:0, instance:testcases.DWS_SearchTC@5677323c]" started-at="2023-07-25T17:39:08 IST" name="TC1" finished-at="2023-07-25T17:39:17 IST" duration-ms="9518" status="PASS">
          <reporter-output>
          </reporter-output>
        </test-method> <!-- TC1 -->
      </class> <!-- testcases.DWS_SearchTC -->
    </test> <!-- Default test -->
  </suite> <!-- Default suite -->
</testng-results>
